[2025-04-19 08:33:37,348] INFO users.views - Login attempt for username: user2
[2025-04-19 08:33:37,896] INFO users.views - User user2 logged in successfully.
[2025-04-19 08:51:44,035] INFO users.views - Login attempt for username: user2
[2025-04-19 08:51:45,076] INFO users.views - User user2 logged in successfully.
[2025-04-19 08:52:07,884] INFO users.views - Login attempt for username: user2
[2025-04-19 08:52:09,155] INFO users.views - User user2 logged in successfully.
[2025-04-27 15:43:52,866] INFO users.views - Login attempt for username: user2
[2025-04-27 15:43:53,257] INFO users.views - User user2 logged in successfully.
[2025-04-27 17:13:42,128] INFO users.views - Login attempt for username: user2
[2025-04-27 17:13:42,687] INFO users.views - User user2 logged in successfully.
[2025-04-29 07:47:31,251] ERROR users.views - User registration failed. Errors: {'username': [ErrorDetail(string='A user with that username already exists.', code='unique')], 'email': [ErrorDetail(string='user with this email already exists.', code='unique')]}
[2025-04-29 08:05:08,953] ERROR users.views - User registration failed. Errors: {'username': [ErrorDetail(string='A user with that username already exists.', code='unique')], 'email': [ErrorDetail(string='user with this email already exists.', code='unique')]}
[2025-04-29 08:09:56,905] INFO users.views - User user3 registered successfully.
[2025-04-29 08:10:43,635] ERROR users.views - User registration failed. Errors: {'username': [ErrorDetail(string='A user with that username already exists.', code='unique')], 'email': [ErrorDetail(string='user with this email already exists.', code='unique')]}
[2025-04-29 08:11:04,064] ERROR users.views - User registration failed. Errors: {'username': [ErrorDetail(string='A user with that username already exists.', code='unique')], 'email': [ErrorDetail(string='user with this email already exists.', code='unique')]}
[2025-04-29 08:12:40,481] ERROR users.views - User registration failed. Errors: {'username': [ErrorDetail(string='A user with that username already exists.', code='unique')], 'email': [ErrorDetail(string='user with this email already exists.', code='unique')]}
[2025-04-29 08:12:51,474] INFO users.views - Login attempt for username: user3
[2025-04-29 08:14:37,662] INFO users.views - Login attempt for username: user3
[2025-04-29 08:16:29,638] INFO users.views - Login attempt for username: user3
[2025-04-29 09:01:35,729] INFO users.views - Login attempt for username: user3
[2025-04-29 09:01:36,254] INFO users.views - User user3 logged in successfully.
[2025-04-29 09:29:39,940] INFO users.views - Login attempt for username: user1
[2025-04-29 09:29:41,111] INFO users.views - Login attempt for username: user1
[2025-04-29 09:29:41,434] WARNING users.views - Login failed for username: user1
[2025-04-29 09:29:42,408] WARNING users.views - Login failed for username: user1
[2025-04-29 09:30:13,931] INFO users.views - User user4 registered successfully.
[2025-04-29 09:33:29,029] INFO users.views - Login attempt for username: user1
[2025-04-29 09:33:30,589] WARNING users.views - Login failed for username: user1
[2025-04-29 09:33:52,977] INFO users.views - Login attempt for username: user2
[2025-04-29 09:33:53,851] INFO users.views - User user2 logged in successfully.
[2025-04-29 09:34:10,638] INFO users.views - Login attempt for username: user3
[2025-04-29 09:34:11,567] INFO users.views - User user3 logged in successfully.
[2025-04-29 09:34:24,841] INFO users.views - Login attempt for username: user4
[2025-04-29 09:34:26,138] INFO users.views - User user4 logged in successfully.
[2025-04-29 14:08:11,935] INFO users.views - Login attempt for username: user4
[2025-04-29 14:08:12,439] INFO users.views - User user4 logged in successfully.
[2025-04-29 15:47:37,487] INFO users.views - Login attempt for username: user4
[2025-04-29 15:47:38,132] INFO users.views - User user4 logged in successfully.
[2025-04-29 16:24:06,267] INFO users.views - Login attempt for username: user4
[2025-04-29 16:24:06,707] INFO users.views - User user4 logged in successfully.
[2025-04-29 17:14:59,131] INFO users.views - Login attempt for username: user3
[2025-04-29 17:14:59,620] INFO users.views - User user3 logged in successfully.
[2025-04-29 17:15:24,554] INFO users.views - Login attempt for username: user4
[2025-04-29 17:15:24,959] INFO users.views - User user4 logged in successfully.
[2025-04-29 17:15:40,632] INFO users.views - Login attempt for username: user2
[2025-04-29 17:15:41,134] INFO users.views - User user2 logged in successfully.
[2025-04-30 04:07:24,659] INFO users.views - Login attempt for username: user4
[2025-04-30 04:07:25,460] INFO users.views - User user4 logged in successfully.
[2025-04-30 04:19:17,644] INFO users.views - Login attempt for username: user4
[2025-04-30 04:19:18,188] INFO users.views - User user4 logged in successfully.
[2025-04-30 04:19:57,688] INFO users.views - User user5 registered successfully.
[2025-04-30 05:10:45,649] INFO users.views - Login attempt for username: user5
[2025-04-30 05:10:46,172] INFO users.views - User user5 logged in successfully.
[2025-04-30 05:10:52,591] INFO users.views - Login attempt for username: user4
[2025-04-30 05:10:52,978] INFO users.views - User user4 logged in successfully.
[2025-04-30 06:53:50,500] INFO users.views - Login attempt for username: user3
[2025-04-30 06:54:21,028] INFO users.views - Login attempt for username: user3
[2025-04-30 06:54:21,515] INFO users.views - User user3 logged in successfully.
[2025-04-30 09:13:45,511] INFO users.views - Login attempt for username: user4
[2025-04-30 09:13:45,946] INFO users.views - User user4 logged in successfully.
[2025-04-30 09:14:25,434] ERROR users.views - User registration failed. Errors: {'username': [ErrorDetail(string='A user with that username already exists.', code='unique')]}
[2025-04-30 09:14:29,575] ERROR users.views - User registration failed. Errors: {'username': [ErrorDetail(string='A user with that username already exists.', code='unique')]}
[2025-04-30 13:52:04,241] INFO users.views - Login attempt for username: user4
[2025-04-30 13:52:04,738] INFO users.views - User user4 logged in successfully.
[2025-04-30 14:00:25,662] INFO users.views - Login attempt for username: user4
[2025-04-30 14:00:26,248] INFO users.views - User user4 logged in successfully.
[2025-04-30 14:15:57,340] INFO users.views - Login attempt for username: user4
[2025-04-30 14:15:57,901] INFO users.views - User user4 logged in successfully.
[2025-04-30 14:40:05,640] INFO users.views - Login attempt for username: user4
[2025-04-30 14:40:06,143] INFO users.views - User user4 logged in successfully.
[2025-04-30 14:40:11,235] INFO users.views - Login attempt for username: user4
[2025-04-30 14:40:11,623] INFO users.views - User user4 logged in successfully.
[2025-04-30 14:40:29,373] ERROR users.views - User registration failed. Errors: {'username': [ErrorDetail(string='A user with that username already exists.', code='unique')]}
[2025-04-30 14:50:13,676] INFO users.views - Login attempt for username: user4
[2025-04-30 14:50:14,218] INFO users.views - User user4 logged in successfully.
[2025-04-30 15:45:00,350] INFO users.views - Login attempt for username: user4
[2025-04-30 15:45:00,878] INFO users.views - User user4 logged in successfully.
[2025-04-30 16:34:51,639] INFO users.views - Login attempt for username: user4
[2025-04-30 16:34:52,068] INFO users.views - User user4 logged in successfully.
[2025-04-30 16:54:53,711] INFO users.views - Login attempt for username: user4
[2025-04-30 16:54:54,156] INFO users.views - User user4 logged in successfully.
[2025-04-30 16:55:05,793] ERROR users.views - User registration failed. Errors: {'username': [ErrorDetail(string='A user with that username already exists.', code='unique')]}
[2025-04-30 18:01:35,461] INFO users.views - Login attempt for username: user4
[2025-04-30 18:01:36,123] INFO users.views - User user4 logged in successfully.
[2025-05-01 05:51:09,392] INFO users.views - User user1 registered successfully.
[2025-05-01 05:51:15,721] ERROR users.views - User registration failed. Errors: {'username': [ErrorDetail(string='A user with that username already exists.', code='unique')], 'email': [ErrorDetail(string='user with this email already exists.', code='unique')]}
[2025-05-01 07:34:27,807] INFO users.views - Login attempt for username: user1
[2025-05-01 07:34:30,839] INFO users.views - Login attempt for username: user1
[2025-05-01 07:34:31,515] INFO users.views - User user1 logged in successfully.
[2025-05-01 07:34:33,894] INFO users.views - User user1 logged in successfully.
[2025-05-01 07:34:47,880] INFO users.views - Login attempt for username: user1
[2025-05-01 07:34:48,358] INFO users.views - User user1 logged in successfully.
[2025-05-01 07:34:58,724] ERROR users.views - User registration failed. Errors: {'username': [ErrorDetail(string='A user with that username already exists.', code='unique')]}
[2025-05-01 07:35:05,674] INFO users.views - Login attempt for username: user1
[2025-05-01 07:35:06,143] INFO users.views - User user1 logged in successfully.
[2025-05-01 07:37:07,142] INFO users.views - Login attempt for username: user1
[2025-05-01 07:37:07,593] INFO users.views - User user1 logged in successfully.
[2025-05-01 07:43:15,791] INFO users.views - Login attempt for username: user1
[2025-05-01 07:43:16,307] INFO users.views - User user1 logged in successfully.
[2025-05-01 07:54:15,420] INFO users.views - Login attempt for username: user1
[2025-05-01 07:54:15,940] INFO users.views - User user1 logged in successfully.
[2025-05-01 07:54:18,737] INFO users.views - Login attempt for username: user1
[2025-05-01 07:54:19,124] INFO users.views - User user1 logged in successfully.
[2025-05-01 07:55:52,359] INFO users.views - Login attempt for username: user1
[2025-05-01 07:55:52,751] INFO users.views - User user1 logged in successfully.
[2025-05-01 07:57:19,042] INFO users.views - Login attempt for username: user1
[2025-05-01 07:57:19,461] INFO users.views - User user1 logged in successfully.
[2025-05-01 07:58:05,424] INFO users.views - Login attempt for username: user1
[2025-05-01 07:58:05,856] INFO users.views - User user1 logged in successfully.
[2025-05-01 07:58:11,548] INFO users.views - Login attempt for username: user1
[2025-05-01 07:58:11,954] INFO users.views - User user1 logged in successfully.
[2025-05-01 08:23:58,972] ERROR users.views - User registration failed. Errors: {'username': [ErrorDetail(string='A user with that username already exists.', code='unique')]}
[2025-05-01 08:24:00,087] ERROR users.views - User registration failed. Errors: {'username': [ErrorDetail(string='A user with that username already exists.', code='unique')]}
[2025-05-01 08:24:10,092] INFO users.views - Login attempt for username: user1
[2025-05-01 08:24:10,571] INFO users.views - User user1 logged in successfully.
[2025-05-01 10:30:02,101] INFO users.views - Login attempt for username: user1
[2025-05-01 10:30:02,602] INFO users.views - User user1 logged in successfully.
[2025-05-01 10:35:04,738] INFO users.views - Login attempt for username: user1
[2025-05-01 10:35:05,158] INFO users.views - User user1 logged in successfully.
[2025-05-01 11:42:40,403] INFO users.views - Login attempt for username: user1
[2025-05-01 11:42:40,839] INFO users.views - User user1 logged in successfully.
[2025-05-01 11:43:03,934] ERROR users.views - User registration failed. Errors: {'username': [ErrorDetail(string='A user with that username already exists.', code='unique')]}
[2025-05-01 11:48:08,138] INFO users.views - Login attempt for username: user1
[2025-05-01 11:48:08,569] INFO users.views - User user1 logged in successfully.
[2025-05-01 15:04:28,605] INFO users.views - Login attempt for username: user1
[2025-05-01 15:04:29,150] INFO users.views - User user1 logged in successfully.
[2025-05-01 16:06:58,351] INFO users.views - Login attempt for username: user1
[2025-05-01 16:06:58,923] INFO users.views - User user1 logged in successfully.
[2025-05-02 03:26:54,952] INFO users.views - Login attempt for username: user3
[2025-05-02 03:26:55,511] INFO users.views - User user3 logged in successfully.
[2025-05-02 03:37:41,714] INFO users.views - Login attempt for username: user3
[2025-05-02 03:37:42,206] INFO users.views - User user3 logged in successfully.
[2025-05-02 03:40:49,231] INFO users.views - Login attempt for username: user3
[2025-05-02 03:40:49,718] INFO users.views - User user3 logged in successfully.
[2025-05-02 03:44:24,951] INFO users.views - Login attempt for username: user3
[2025-05-02 03:44:25,430] INFO users.views - User user3 logged in successfully.
[2025-05-02 03:46:29,737] INFO users.views - Login attempt for username: user3
[2025-05-02 03:46:30,532] INFO users.views - User user3 logged in successfully.
[2025-05-02 03:48:58,482] INFO users.views - Login attempt for username: user3
[2025-05-02 03:48:59,233] INFO users.views - User user3 logged in successfully.
[2025-05-02 03:52:02,843] INFO users.views - Login attempt for username: user3
[2025-05-02 03:52:03,540] INFO users.views - User user3 logged in successfully.
[2025-05-02 03:54:04,780] INFO users.views - Login attempt for username: user3
[2025-05-02 03:54:05,393] INFO users.views - User user3 logged in successfully.
[2025-05-02 04:05:54,734] INFO users.views - Login attempt for username: user3
[2025-05-02 04:05:55,358] INFO users.views - User user3 logged in successfully.
[2025-05-02 04:10:12,880] INFO users.views - Login attempt for username: user3
[2025-05-02 04:10:13,595] INFO users.views - User user3 logged in successfully.
[2025-05-02 04:15:24,246] INFO users.views - Login attempt for username: user3
[2025-05-02 04:15:24,716] INFO users.views - User user3 logged in successfully.
[2025-05-02 13:04:00,747] INFO users.views - Login attempt for username: user1
[2025-05-02 13:04:01,371] INFO users.views - User user1 logged in successfully.
[2025-05-02 13:04:05,500] INFO users.views - Login attempt for username: user1
[2025-05-02 13:04:05,956] INFO users.views - User user1 logged in successfully.
[2025-05-02 13:11:51,877] INFO users.views - Login attempt for username: user1
[2025-05-02 13:11:52,345] INFO users.views - User user1 logged in successfully.
[2025-05-02 13:12:01,720] INFO users.views - Login attempt for username: user1
[2025-05-02 13:12:02,172] INFO users.views - User user1 logged in successfully.
[2025-05-02 18:20:56,808] INFO users.views - Login attempt for username: user1
[2025-05-02 18:20:57,463] INFO users.views - User user1 logged in successfully.
[2025-05-02 19:03:38,557] INFO users.views - Login attempt for username: user1
[2025-05-02 19:03:39,186] INFO users.views - User user1 logged in successfully.
[2025-05-02 19:06:14,987] INFO users.views - Login attempt for username: user1
[2025-05-02 19:06:15,405] INFO users.views - User user1 logged in successfully.
[2025-05-02 19:06:24,469] ERROR users.views - User registration failed. Errors: {'username': [ErrorDetail(string='A user with that username already exists.', code='unique')]}
[2025-05-02 19:06:29,717] INFO users.views - Login attempt for username: user1
[2025-05-02 19:06:30,090] INFO users.views - User user1 logged in successfully.
[2025-05-03 03:24:14,572] INFO users.views - Login attempt for username: user1
[2025-05-03 03:24:15,078] INFO users.views - User user1 logged in successfully.
[2025-05-03 06:56:39,690] INFO users.views - Login attempt for username: user1
[2025-05-03 06:56:40,434] INFO users.views - User user1 logged in successfully.
[2025-05-03 09:50:53,600] INFO users.views - Login attempt for username: user1
[2025-05-03 09:50:54,240] INFO users.views - User user1 logged in successfully.
[2025-05-03 09:58:00,259] INFO users.views - Login attempt for username: user1
[2025-05-03 09:58:00,760] INFO users.views - User user1 logged in successfully.
[2025-05-03 09:58:20,461] ERROR users.views - User registration failed. Errors: {'username': [ErrorDetail(string='A user with that username already exists.', code='unique')], 'email': [ErrorDetail(string='user with this email already exists.', code='unique')]}
[2025-05-03 10:06:28,968] INFO users.views - Login attempt for username: user1
[2025-05-03 10:06:29,445] INFO users.views - User user1 logged in successfully.
[2025-05-03 10:07:39,594] INFO users.views - Login attempt for username: user1
[2025-05-03 10:07:39,991] INFO users.views - User user1 logged in successfully.
[2025-05-03 10:20:54,731] INFO users.views - Login attempt for username: user1
[2025-05-03 10:20:55,181] INFO users.views - User user1 logged in successfully.
[2025-05-03 10:26:58,228] INFO users.views - Login attempt for username: user1
[2025-05-03 10:26:58,856] INFO users.views - User user1 logged in successfully.
[2025-05-03 12:34:53,133] INFO users.views - Login attempt for username: user1
[2025-05-03 12:34:53,704] INFO users.views - User user1 logged in successfully.
[2025-05-03 12:39:28,455] INFO users.views - Login attempt for username: user1
[2025-05-03 12:39:28,990] INFO users.views - User user1 logged in successfully.
[2025-05-03 12:41:45,464] INFO users.views - Login attempt for username: user1
[2025-05-03 12:41:46,006] INFO users.views - User user1 logged in successfully.
[2025-05-03 12:49:20,521] INFO users.views - Login attempt for username: user1
[2025-05-03 12:49:21,216] INFO users.views - User user1 logged in successfully.
[2025-05-03 12:49:33,798] INFO users.views - Login attempt for username: user1
[2025-05-03 12:49:34,220] INFO users.views - User user1 logged in successfully.
[2025-05-03 12:50:29,953] INFO users.views - Login attempt for username: user1
[2025-05-03 12:50:30,343] INFO users.views - User user1 logged in successfully.
[2025-05-03 13:02:18,046] INFO users.views - Login attempt for username: user1
[2025-05-03 13:02:18,535] INFO users.views - User user1 logged in successfully.
[2025-05-03 14:49:49,502] INFO users.views - Login attempt for username: user2
[2025-05-03 14:49:50,076] INFO users.views - User user2 logged in successfully.
[2025-05-04 03:15:15,437] INFO users.views - Login attempt for username: user3
[2025-05-04 03:15:16,020] INFO users.views - User user3 logged in successfully.
[2025-05-04 08:41:11,307] INFO users.views - Login attempt for username: user3
[2025-05-04 08:41:11,833] INFO users.views - User user3 logged in successfully.
[2025-05-04 09:20:22,904] INFO users.views - Login attempt for username: user
[2025-05-04 09:20:23,436] INFO users.views - User user logged in successfully.
[2025-05-04 09:22:53,181] INFO users.views - Login attempt for username: user
[2025-05-04 09:22:53,667] INFO users.views - User user logged in successfully.
[2025-05-04 09:24:02,086] INFO users.views - User logged out successfully. Refresh token blacklisted.
[2025-05-04 09:42:22,021] INFO users.views - Login attempt for username: user
[2025-05-04 09:42:22,549] INFO users.views - User user logged in successfully.
[2025-05-04 11:43:32,898] INFO users.views - Login attempt for username: user
[2025-05-04 11:43:33,346] INFO users.views - User user logged in successfully.
[2025-05-04 11:43:57,299] INFO users.views - Login attempt for username: user
[2025-05-04 11:43:57,687] INFO users.views - User user logged in successfully.
[2025-05-04 12:08:37,400] INFO users.views - Login attempt for username: user
[2025-05-04 12:08:37,942] INFO users.views - User user logged in successfully.
[2025-05-04 12:11:54,258] ERROR users.views - User registration failed. Errors: {'username': [ErrorDetail(string='A user with that username already exists.', code='unique')]}
[2025-05-04 12:11:57,862] INFO users.views - Login attempt for username: user
[2025-05-04 12:11:58,418] INFO users.views - User user logged in successfully.
[2025-05-04 12:47:33,910] INFO users.views - Login attempt for username: user
[2025-05-04 12:47:34,345] INFO users.views - User user logged in successfully.
[2025-05-04 12:47:38,360] INFO users.views - Login attempt for username: user
[2025-05-04 12:47:38,748] INFO users.views - User user logged in successfully.
[2025-05-04 12:47:51,162] INFO users.views - Login attempt for username: user
[2025-05-04 12:47:51,574] INFO users.views - User user logged in successfully.
[2025-05-04 12:53:49,884] INFO users.views - Login attempt for username: user
[2025-05-04 12:53:50,521] INFO users.views - User user logged in successfully.
[2025-05-04 12:53:59,680] INFO users.views - Login attempt for username: user
[2025-05-04 12:54:00,182] INFO users.views - User user logged in successfully.
[2025-05-04 12:54:48,427] INFO users.views - Login attempt for username: user
[2025-05-04 12:54:48,943] INFO users.views - User user logged in successfully.
[2025-05-04 12:57:23,000] INFO users.views - Login attempt for username: user
[2025-05-04 12:57:23,423] INFO users.views - User user logged in successfully.
[2025-05-04 13:00:28,036] INFO users.views - Login attempt for username: user
[2025-05-04 13:00:28,492] INFO users.views - User user logged in successfully.
[2025-05-04 13:13:32,115] INFO users.views - Login attempt for username: user
[2025-05-04 13:13:32,573] INFO users.views - User user logged in successfully.
[2025-05-04 14:19:42,998] INFO users.views - Login attempt for username: user
[2025-05-04 14:19:43,450] INFO users.views - User user logged in successfully.
[2025-05-04 14:25:47,980] INFO users.views - Login attempt for username: user
[2025-05-04 14:25:48,461] INFO users.views - User user logged in successfully.
[2025-05-04 14:30:58,405] INFO users.views - Login attempt for username: user
[2025-05-04 14:30:58,986] INFO users.views - User user logged in successfully.
[2025-05-04 15:06:05,550] INFO users.views - Login attempt for username: user
[2025-05-04 15:06:06,120] INFO users.views - User user logged in successfully.
[2025-05-04 17:36:16,111] INFO users.views - Login attempt for username: user
[2025-05-04 17:36:16,795] INFO users.views - User user logged in successfully.
[2025-05-04 17:40:25,947] INFO users.views - Login attempt for username: user
[2025-05-04 17:40:26,983] INFO users.views - User user logged in successfully.
[2025-05-04 17:44:42,570] INFO users.views - Login attempt for username: user
[2025-05-04 17:44:43,330] INFO users.views - User user logged in successfully.
[2025-05-04 17:50:47,648] INFO users.views - Login attempt for username: user
[2025-05-04 17:50:48,268] INFO users.views - User user logged in successfully.
[2025-05-04 19:03:46,435] INFO users.views - Login attempt for username: user1
[2025-05-04 19:03:46,903] INFO users.views - User user1 logged in successfully.
[2025-05-04 19:08:06,521] INFO users.views - Login attempt for username: user1
[2025-05-04 19:08:06,968] INFO users.views - User user1 logged in successfully.
[2025-05-05 06:19:04,875] INFO users.views - Login attempt for username: user1
[2025-05-05 06:19:05,568] INFO users.views - User user1 logged in successfully.
[2025-05-05 06:19:20,900] INFO users.views - Login attempt for username: user1
[2025-05-05 06:19:21,321] INFO users.views - User user1 logged in successfully.
[2025-05-05 06:19:56,257] INFO users.views - Login attempt for username: user1
[2025-05-05 06:19:56,697] INFO users.views - User user1 logged in successfully.
[2025-05-05 06:29:45,429] INFO users.views - Login attempt for username: user3
[2025-05-05 06:29:45,933] INFO users.views - User user3 logged in successfully.
[2025-05-05 06:51:37,364] INFO users.views - Login attempt for username: user1
[2025-05-05 06:51:37,915] INFO users.views - User user1 logged in successfully.
[2025-05-05 08:44:53,341] INFO users.views - Login attempt for username: user1
[2025-05-05 08:44:53,890] INFO users.views - User user1 logged in successfully.
[2025-05-05 09:01:19,693] INFO users.views - Login attempt for username: user1
[2025-05-05 09:01:20,131] INFO users.views - User user1 logged in successfully.
[2025-05-05 09:03:33,389] INFO users.views - Login attempt for username: user1
[2025-05-05 09:03:33,928] INFO users.views - User user1 logged in successfully.
[2025-05-05 09:04:41,734] INFO users.views - Login attempt for username: user1
[2025-05-05 09:04:42,175] INFO users.views - User user1 logged in successfully.
[2025-05-05 09:16:04,330] INFO users.views - Login attempt for username: user
[2025-05-05 09:16:04,806] INFO users.views - User user logged in successfully.
[2025-05-05 09:49:08,106] INFO users.views - Login attempt for username: user
[2025-05-05 09:49:08,789] INFO users.views - User user logged in successfully.
[2025-05-05 09:53:56,179] INFO users.views - Login attempt for username: user
[2025-05-05 09:53:56,677] INFO users.views - User user logged in successfully.
[2025-05-05 09:56:39,765] INFO users.views - Login attempt for username: user
[2025-05-05 09:56:40,325] INFO users.views - User user logged in successfully.
[2025-05-05 10:11:44,031] INFO users.views - Login attempt for username: user
[2025-05-05 10:11:44,562] INFO users.views - User user logged in successfully.
[2025-05-05 10:13:28,810] INFO users.views - Login attempt for username: user
[2025-05-05 10:13:29,216] INFO users.views - User user logged in successfully.
[2025-05-05 10:39:51,230] INFO users.views - Login attempt for username: user
[2025-05-05 10:39:51,746] INFO users.views - User user logged in successfully.
[2025-05-05 10:43:28,989] INFO users.views - Login attempt for username: user
[2025-05-05 10:43:29,625] INFO users.views - User user logged in successfully.
[2025-05-05 10:43:33,109] INFO users.views - Login attempt for username: user
[2025-05-05 10:43:33,994] INFO users.views - User user logged in successfully.
[2025-05-05 10:51:31,280] INFO users.views - Login attempt for username: user3
[2025-05-05 10:51:31,673] INFO users.views - User user3 logged in successfully.
[2025-05-05 10:53:28,098] INFO users.views - Login attempt for username: user
[2025-05-05 10:53:28,670] INFO users.views - User user logged in successfully.
[2025-05-05 10:53:32,246] INFO users.views - Login attempt for username: user
[2025-05-05 10:53:32,649] INFO users.views - User user logged in successfully.
[2025-05-05 10:54:19,697] INFO users.views - Login attempt for username: user
[2025-05-05 10:54:20,190] INFO users.views - User user logged in successfully.
[2025-05-05 11:07:17,650] INFO users.views - Login attempt for username: user
[2025-05-05 11:07:18,141] INFO users.views - User user logged in successfully.
[2025-05-05 11:11:42,245] INFO users.views - Login attempt for username: user
[2025-05-05 11:11:42,877] INFO users.views - User user logged in successfully.
[2025-05-05 11:13:22,113] INFO users.views - Login attempt for username: user
[2025-05-05 11:13:22,590] INFO users.views - User user logged in successfully.
[2025-05-05 11:14:34,902] INFO users.views - Login attempt for username: user1
[2025-05-05 11:14:35,378] INFO users.views - User user1 logged in successfully.
[2025-05-05 11:14:44,542] INFO users.views - Login attempt for username: user3
[2025-05-05 11:14:44,938] INFO users.views - User user3 logged in successfully.
[2025-05-05 11:14:51,419] INFO users.views - Login attempt for username: user
[2025-05-05 11:14:51,804] INFO users.views - User user logged in successfully.
[2025-05-05 11:16:30,716] INFO users.views - Login attempt for username: user
[2025-05-05 11:16:31,245] INFO users.views - User user logged in successfully.
[2025-05-05 15:40:47,221] INFO users.views - Login attempt for username: user4
[2025-05-05 15:40:50,022] INFO users.views - Login attempt for username: user4
[2025-05-05 15:41:39,372] INFO users.views - Login attempt for username: user4
[2025-05-05 15:41:40,875] INFO users.views - Login attempt for username: user4
[2025-05-05 15:42:27,209] INFO users.views - Login attempt for username: user4
[2025-05-05 15:42:28,014] INFO users.views - User user4 logged in successfully.
[2025-05-05 15:42:34,810] INFO users.views - Login attempt for username: user
[2025-05-05 15:42:35,210] INFO users.views - User user logged in successfully.
[2025-05-05 15:43:02,210] INFO users.views - Login attempt for username: user3
[2025-05-05 15:43:02,929] INFO users.views - User user3 logged in successfully.
[2025-05-06 06:53:39,488] INFO users.views - Login attempt for username: user
[2025-05-06 06:53:40,025] INFO users.views - User user logged in successfully.
[2025-05-06 07:29:47,309] INFO users.views - Login attempt for username: user
[2025-05-06 07:29:47,850] INFO users.views - User user logged in successfully.
[2025-05-06 08:26:47,213] INFO users.views - Login attempt for username: user
[2025-05-06 08:26:47,807] INFO users.views - User user logged in successfully.
[2025-05-06 08:27:47,909] INFO users.views - Login attempt for username: user
[2025-05-06 08:27:48,395] INFO users.views - User user logged in successfully.
[2025-05-06 08:34:24,004] INFO users.views - Login attempt for username: user
[2025-05-06 08:34:24,518] INFO users.views - User user logged in successfully.
[2025-05-06 08:35:32,441] INFO users.views - Login attempt for username: user
[2025-05-06 08:35:33,018] INFO users.views - User user logged in successfully.
[2025-05-06 08:36:18,220] INFO users.views - Login attempt for username: user
[2025-05-06 08:36:18,693] INFO users.views - User user logged in successfully.
[2025-05-06 08:38:15,527] INFO users.views - Login attempt for username: user
[2025-05-06 08:38:15,975] INFO users.views - User user logged in successfully.
[2025-05-06 08:42:23,910] INFO users.views - Login attempt for username: user
[2025-05-06 08:42:24,523] INFO users.views - User user logged in successfully.
[2025-05-06 08:44:02,795] INFO users.views - Login attempt for username: user
[2025-05-06 08:44:03,319] INFO users.views - User user logged in successfully.
[2025-05-06 08:44:04,682] INFO users.views - User logged out successfully. Refresh token blacklisted.
[2025-05-06 08:44:45,955] INFO users.views - Login attempt for username: user
[2025-05-06 08:44:46,437] INFO users.views - User user logged in successfully.
[2025-05-06 08:44:53,400] INFO users.views - User logged out successfully. Refresh token blacklisted.
[2025-05-06 08:47:02,077] INFO users.views - Login attempt for username: user
[2025-05-06 08:47:02,578] INFO users.views - User user logged in successfully.
[2025-05-06 08:47:05,042] INFO users.views - User logged out successfully. Refresh token blacklisted.
[2025-05-06 11:25:25,450] INFO users.views - Login attempt for username: user
[2025-05-06 11:25:26,057] INFO users.views - User user logged in successfully.
[2025-05-06 11:33:59,873] INFO users.views - User logged out successfully. Refresh token blacklisted.
[2025-05-06 11:34:07,421] INFO users.views - Login attempt for username: user
[2025-05-06 11:34:07,886] INFO users.views - User user logged in successfully.
[2025-05-06 11:34:26,298] INFO users.views - User logged out successfully. Refresh token blacklisted.
[2025-05-06 11:40:42,599] INFO users.views - Login attempt for username: user
[2025-05-06 11:40:43,062] INFO users.views - User user logged in successfully.
[2025-05-06 11:43:33,070] INFO users.views - User logged out successfully. Refresh token blacklisted.
[2025-05-06 11:44:52,148] INFO users.views - Login attempt for username: user
[2025-05-06 11:44:52,681] INFO users.views - User user logged in successfully.
[2025-05-06 11:47:52,163] INFO users.views - User logged out successfully. Refresh token blacklisted.
[2025-05-06 11:47:56,376] INFO users.views - Login attempt for username: user
[2025-05-06 11:47:56,878] INFO users.views - User user logged in successfully.
[2025-05-06 15:01:54,173] INFO users.views - Login attempt for username: user
[2025-05-06 15:01:54,705] INFO users.views - User user logged in successfully.
[2025-05-06 15:05:58,329] INFO users.views - User logged out successfully. Refresh token blacklisted.
[2025-05-06 15:06:04,892] INFO users.views - Login attempt for username: user
[2025-05-06 15:06:05,370] INFO users.views - User user logged in successfully.
[2025-05-06 15:08:53,053] INFO users.views - User logged out successfully. Refresh token blacklisted.
[2025-05-06 15:08:59,177] INFO users.views - Login attempt for username: user
[2025-05-06 15:08:59,741] INFO users.views - User user logged in successfully.
[2025-05-06 15:09:08,256] INFO users.views - User logged out successfully. Refresh token blacklisted.
[2025-05-06 15:16:18,984] INFO users.views - Login attempt for username: user
[2025-05-06 15:16:19,482] INFO users.views - User user logged in successfully.
[2025-05-06 15:16:32,647] INFO users.views - User logged out successfully. Refresh token blacklisted.
[2025-05-06 15:58:08,716] INFO users.views - Login attempt for username: user
[2025-05-06 15:58:09,323] INFO users.views - User user logged in successfully.
[2025-05-06 15:58:32,270] INFO users.views - User logged out successfully. Refresh token blacklisted.
[2025-05-06 16:01:33,295] INFO users.views - Login attempt for username: user
[2025-05-06 16:01:33,969] INFO users.views - User user logged in successfully.
[2025-05-06 16:01:40,770] INFO users.views - User logged out successfully. Refresh token blacklisted.
[2025-05-06 16:02:37,811] INFO users.views - Login attempt for username: user
[2025-05-06 16:02:38,392] INFO users.views - User user logged in successfully.
[2025-05-06 16:02:46,850] INFO users.views - User logged out successfully. Refresh token blacklisted.
[2025-05-06 16:09:03,935] INFO users.views - Login attempt for username: user
[2025-05-06 16:09:04,475] INFO users.views - User user logged in successfully.
[2025-05-06 16:09:11,982] INFO users.views - User logged out successfully. Refresh token blacklisted.
[2025-05-06 16:10:05,340] INFO users.views - Login attempt for username: user
[2025-05-06 16:10:05,829] INFO users.views - User user logged in successfully.
[2025-05-06 16:25:11,353] INFO users.views - Login attempt for username: user
[2025-05-06 16:25:11,815] INFO users.views - User user logged in successfully.
[2025-05-06 16:25:59,533] INFO users.views - User logged out successfully. Refresh token blacklisted.
[2025-05-06 16:27:55,213] INFO users.views - Login attempt for username: user
[2025-05-06 16:27:55,765] INFO users.views - User user logged in successfully.
[2025-05-06 16:30:30,640] INFO users.views - User logged out successfully. Refresh token blacklisted.
[2025-05-06 17:16:26,903] INFO users.views - Login attempt for username: user
[2025-05-06 17:16:27,628] INFO users.views - User user logged in successfully.
[2025-05-06 17:16:46,437] INFO users.views - User logged out successfully. Refresh token blacklisted.
[2025-05-06 17:24:03,310] INFO users.views - Login attempt for username: user
[2025-05-06 17:24:03,963] INFO users.views - User user logged in successfully.
[2025-05-06 17:33:39,201] INFO users.views - User logged out successfully. Refresh token blacklisted.
[2025-05-07 03:04:19,095] INFO users.views - Login attempt for username: user
[2025-05-07 03:04:19,578] INFO users.views - User user logged in successfully.
[2025-05-07 03:08:27,099] INFO users.views - User logged out successfully. Refresh token blacklisted.
[2025-05-07 03:08:32,330] INFO users.views - Login attempt for username: user
[2025-05-07 03:08:32,770] INFO users.views - User user logged in successfully.
[2025-05-07 03:10:17,642] INFO users.views - User logged out successfully. Refresh token blacklisted.
[2025-05-07 03:35:22,670] INFO users.views - Login attempt for username: user3
[2025-05-07 03:35:23,166] INFO users.views - User user3 logged in successfully.
[2025-05-07 04:00:30,200] INFO users.views - Login attempt for username: user
[2025-05-07 04:00:30,810] INFO users.views - User user logged in successfully.
[2025-05-07 05:17:07,303] INFO users.views - User logged out successfully. Refresh token blacklisted.
[2025-05-07 05:17:14,803] INFO users.views - Login attempt for username: user
[2025-05-07 05:17:15,229] INFO users.views - User user logged in successfully.
[2025-05-07 05:30:06,635] INFO users.views - User logged out successfully. Refresh token blacklisted.
[2025-05-07 05:30:17,564] INFO users.views - Login attempt for username: user
[2025-05-07 05:30:18,010] INFO users.views - User user logged in successfully.
[2025-05-07 05:49:58,008] INFO users.views - User logged out successfully. Refresh token blacklisted.
[2025-05-07 05:50:06,846] INFO users.views - Login attempt for username: user
[2025-05-07 05:50:07,252] INFO users.views - User user logged in successfully.
[2025-05-07 05:57:03,799] INFO users.views - User logged out successfully. Refresh token blacklisted.
[2025-05-07 05:57:12,307] INFO users.views - Login attempt for username: user
[2025-05-07 05:57:12,881] INFO users.views - User user logged in successfully.
[2025-05-07 05:58:16,817] INFO users.views - User logged out successfully. Refresh token blacklisted.
[2025-05-07 05:58:24,399] INFO users.views - Login attempt for username: user
[2025-05-07 05:58:25,017] INFO users.views - User user logged in successfully.
[2025-05-07 06:00:08,434] INFO users.views - User logged out successfully. Refresh token blacklisted.
[2025-05-07 06:00:19,647] INFO users.views - Login attempt for username: user
[2025-05-07 06:00:20,208] INFO users.views - User user logged in successfully.
[2025-05-07 06:01:35,752] INFO users.views - User logged out successfully. Refresh token blacklisted.
[2025-05-07 10:55:50,068] INFO users.views - Login attempt for username: user
[2025-05-07 10:55:50,663] INFO users.views - User user logged in successfully.
[2025-05-07 11:16:35,487] INFO users.views - User logged out successfully. Refresh token blacklisted.
[2025-05-07 11:16:42,194] INFO users.views - Login attempt for username: user
[2025-05-07 11:16:42,711] INFO users.views - User user logged in successfully.
[2025-05-07 11:18:00,176] INFO users.views - User logged out successfully. Refresh token blacklisted.
[2025-05-07 11:18:04,273] INFO users.views - Login attempt for username: user
[2025-05-07 11:18:04,711] INFO users.views - User user logged in successfully.
[2025-05-07 11:20:01,848] INFO users.views - User logged out successfully. Refresh token blacklisted.
[2025-05-07 11:20:16,140] INFO users.views - Login attempt for username: user
[2025-05-07 11:20:16,548] INFO users.views - User user logged in successfully.
[2025-05-07 11:21:57,133] INFO users.views - User logged out successfully. Refresh token blacklisted.
[2025-05-07 11:22:08,447] INFO users.views - Login attempt for username: user
[2025-05-07 11:22:08,901] INFO users.views - User user logged in successfully.
[2025-05-07 11:24:23,639] INFO users.views - User logged out successfully. Refresh token blacklisted.
[2025-05-07 11:24:27,034] INFO users.views - Login attempt for username: user1
[2025-05-07 11:24:27,685] INFO users.views - User user1 logged in successfully.
[2025-05-07 11:28:42,675] INFO users.views - User logged out successfully. Refresh token blacklisted.
[2025-05-07 11:28:51,413] INFO users.views - Login attempt for username: user1
[2025-05-07 11:28:51,865] INFO users.views - User user1 logged in successfully.
[2025-05-07 11:43:15,965] INFO users.views - User logged out successfully. Refresh token blacklisted.
[2025-05-07 11:43:24,548] INFO users.views - Login attempt for username: user1
[2025-05-07 11:43:25,012] INFO users.views - User user1 logged in successfully.
[2025-05-07 11:44:48,959] INFO users.views - User logged out successfully. Refresh token blacklisted.
[2025-05-07 14:40:53,043] INFO users.views - Login attempt for username: user1
[2025-05-07 14:40:53,696] INFO users.views - User user1 logged in successfully.
[2025-05-07 14:46:40,505] INFO users.views - User logged out successfully. Refresh token blacklisted.
[2025-05-07 14:46:47,300] INFO users.views - Login attempt for username: user1
[2025-05-07 14:46:47,837] INFO users.views - User user1 logged in successfully.
[2025-05-07 14:48:51,564] INFO users.views - User logged out successfully. Refresh token blacklisted.
[2025-05-07 14:48:55,555] INFO users.views - Login attempt for username: user1
[2025-05-07 14:48:56,165] INFO users.views - User user1 logged in successfully.
[2025-05-07 14:51:22,322] INFO users.views - User logged out successfully. Refresh token blacklisted.
[2025-05-07 14:57:17,367] INFO users.views - Login attempt for username: user1
[2025-05-07 14:57:17,942] INFO users.views - User user1 logged in successfully.
[2025-05-07 15:02:17,115] INFO users.views - User logged out successfully. Refresh token blacklisted.
[2025-05-07 15:02:21,337] INFO users.views - Login attempt for username: user1
[2025-05-07 15:02:21,810] INFO users.views - User user1 logged in successfully.
[2025-05-07 15:21:38,987] INFO users.views - User logged out successfully. Refresh token blacklisted.
[2025-05-07 15:21:45,440] INFO users.views - Login attempt for username: user1
[2025-05-07 15:21:45,915] INFO users.views - User user1 logged in successfully.
[2025-05-07 15:26:33,460] INFO users.views - User logged out successfully. Refresh token blacklisted.
[2025-05-07 15:26:39,213] INFO users.views - Login attempt for username: user1
[2025-05-07 15:26:39,697] INFO users.views - User user1 logged in successfully.
[2025-05-07 15:45:23,480] INFO users.views - User logged out successfully. Refresh token blacklisted.
[2025-05-07 15:45:28,111] INFO users.views - Login attempt for username: user1
[2025-05-07 15:45:29,751] INFO users.views - User user1 logged in successfully.
[2025-05-07 16:01:41,585] INFO users.views - User logged out successfully. Refresh token blacklisted.
[2025-05-07 16:01:46,040] INFO users.views - Login attempt for username: user1
[2025-05-07 16:01:46,636] INFO users.views - User user1 logged in successfully.
[2025-05-07 16:17:31,923] INFO users.views - User logged out successfully. Refresh token blacklisted.
[2025-05-07 16:17:38,744] INFO users.views - Login attempt for username: user1
[2025-05-07 16:17:39,318] INFO users.views - User user1 logged in successfully.
[2025-05-07 16:23:54,060] INFO users.views - User logged out successfully. Refresh token blacklisted.
[2025-05-07 16:23:58,620] INFO users.views - Login attempt for username: user1
[2025-05-07 16:23:59,199] INFO users.views - User user1 logged in successfully.
[2025-05-07 17:03:56,363] INFO users.views - User logged out successfully. Refresh token blacklisted.
[2025-05-07 17:04:04,614] INFO users.views - Login attempt for username: user1
[2025-05-07 17:04:05,014] INFO users.views - User user1 logged in successfully.
[2025-05-07 17:13:52,418] INFO users.views - User logged out successfully. Refresh token blacklisted.
[2025-05-07 17:13:53,874] INFO users.views - Login attempt for username: user1
[2025-05-07 17:13:54,262] INFO users.views - User user1 logged in successfully.
[2025-05-07 17:17:54,941] INFO users.views - Login attempt for username: user3
[2025-05-07 17:17:55,551] INFO users.views - User user3 logged in successfully.
[2025-05-07 17:22:28,356] INFO users.views - User logged out successfully. Refresh token blacklisted.
[2025-05-07 17:32:11,405] INFO users.views - Login attempt for username: user1
[2025-05-07 17:32:11,810] INFO users.views - User user1 logged in successfully.
[2025-05-07 17:39:25,386] INFO users.views - User logged out successfully. Refresh token blacklisted.
[2025-05-07 18:19:38,330] INFO users.views - Login attempt for username: user1
[2025-05-07 18:19:39,007] INFO users.views - User user1 logged in successfully.
[2025-05-07 18:19:51,453] INFO users.views - User logged out successfully. Refresh token blacklisted.
[2025-05-07 18:19:56,025] INFO users.views - Login attempt for username: user1
[2025-05-07 18:19:56,528] INFO users.views - User user1 logged in successfully.
[2025-05-07 18:24:01,471] INFO users.views - User logged out successfully. Refresh token blacklisted.
[2025-05-07 18:24:42,067] INFO users.views - Login attempt for username: user1
[2025-05-07 18:24:42,682] INFO users.views - User user1 logged in successfully.
[2025-05-07 18:24:55,465] INFO users.views - Login attempt for username: user1
[2025-05-07 18:24:56,124] INFO users.views - User user1 logged in successfully.
[2025-05-07 18:37:37,103] INFO users.views - Login attempt for username: user1
[2025-05-07 18:37:37,721] INFO users.views - User user1 logged in successfully.
[2025-05-07 18:38:21,671] INFO users.views - Login attempt for username: user1
[2025-05-07 18:38:22,222] INFO users.views - User user1 logged in successfully.
[2025-05-07 18:39:12,684] INFO users.views - Login attempt for username: user1
[2025-05-07 18:39:13,077] INFO users.views - User user1 logged in successfully.
[2025-05-07 18:44:26,102] INFO users.views - Login attempt for username: user1
[2025-05-07 18:44:26,561] INFO users.views - User user1 logged in successfully.
[2025-05-07 18:46:05,283] INFO users.views - User logged out successfully. Refresh token blacklisted.
[2025-05-08 02:33:55,025] INFO users.views - Login attempt for username: user1
[2025-05-08 02:33:55,723] INFO users.views - User user1 logged in successfully.
[2025-05-08 02:39:14,094] INFO users.views - Login attempt for username: user1
[2025-05-08 02:39:14,625] INFO users.views - User user1 logged in successfully.
[2025-05-08 02:46:21,503] INFO users.views - Login attempt for username: user1
[2025-05-08 02:46:22,004] INFO users.views - User user1 logged in successfully.
[2025-05-08 02:46:33,770] INFO users.views - Login attempt for username: user1
[2025-05-08 02:46:34,285] INFO users.views - User user1 logged in successfully.
[2025-05-08 02:48:37,678] INFO users.views - Login attempt for username: user1
[2025-05-08 02:48:38,088] INFO users.views - User user1 logged in successfully.
[2025-05-08 02:49:34,744] INFO users.views - Login attempt for username: user1
[2025-05-08 02:49:35,256] INFO users.views - User user1 logged in successfully.
[2025-05-08 02:58:31,814] INFO users.views - User logged out successfully. Refresh token blacklisted.
[2025-05-08 02:58:38,136] INFO users.views - Login attempt for username: user1
[2025-05-08 02:58:38,553] INFO users.views - User user1 logged in successfully.
[2025-05-08 03:09:23,139] INFO users.views - Login attempt for username: user1
[2025-05-08 03:09:23,173] INFO users.views - Login attempt for username: user1
[2025-05-08 03:09:23,591] INFO users.views - User user1 logged in successfully.
[2025-05-08 03:09:23,600] INFO users.views - User user1 logged in successfully.
[2025-05-08 03:19:45,850] INFO users.views - User logged out successfully. Refresh token blacklisted.
[2025-05-08 03:19:49,161] INFO users.views - Login attempt for username: user1
[2025-05-08 03:19:49,708] INFO users.views - User user1 logged in successfully.
[2025-05-08 03:21:57,989] INFO users.views - User logged out successfully. Refresh token blacklisted.
[2025-05-08 03:22:05,917] INFO users.views - Login attempt for username: user1
[2025-05-08 03:22:06,304] INFO users.views - User user1 logged in successfully.
[2025-05-08 07:04:44,627] INFO users.views - User logged out successfully. Refresh token blacklisted.
[2025-05-08 07:04:51,986] INFO users.views - Login attempt for username: user1
[2025-05-08 07:04:52,517] INFO users.views - User user1 logged in successfully.
[2025-05-08 07:07:57,973] INFO users.views - Login attempt for username: user1
[2025-05-08 07:07:58,476] INFO users.views - User user1 logged in successfully.
[2025-05-08 07:57:27,309] INFO users.views - User logged out successfully. Refresh token blacklisted.
[2025-05-08 07:57:33,318] INFO users.views - Login attempt for username: user1
[2025-05-08 07:57:33,853] INFO users.views - User user1 logged in successfully.
[2025-05-08 08:07:45,328] INFO users.views - User logged out successfully. Refresh token blacklisted.
[2025-05-08 08:07:52,702] INFO users.views - Login attempt for username: user1
[2025-05-08 08:07:53,182] INFO users.views - User user1 logged in successfully.
[2025-05-08 08:35:54,012] INFO users.views - User logged out successfully. Refresh token blacklisted.
[2025-05-08 08:35:56,384] INFO users.views - Login attempt for username: user1
[2025-05-08 08:35:56,913] INFO users.views - User user1 logged in successfully.
[2025-05-08 09:01:58,589] INFO users.views - Login attempt for username: user1
[2025-05-08 09:01:59,294] INFO users.views - User user1 logged in successfully.
[2025-05-08 09:02:01,654] INFO users.views - Login attempt for username: user1
[2025-05-08 09:02:02,124] INFO users.views - User user1 logged in successfully.
[2025-05-08 09:05:00,491] INFO users.views - Login attempt for username: user1
[2025-05-08 09:05:01,029] INFO users.views - User user1 logged in successfully.
[2025-05-08 09:05:59,783] INFO users.views - Login attempt for username: user1
[2025-05-08 09:06:00,316] INFO users.views - User user1 logged in successfully.
[2025-05-08 11:47:17,383] INFO users.views - Login attempt for username: user3
[2025-05-08 11:47:17,925] INFO users.views - User user3 logged in successfully.
[2025-05-08 11:54:55,272] INFO users.views - Login attempt for username: user3
[2025-05-08 11:54:55,740] INFO users.views - User user3 logged in successfully.
[2025-05-08 13:02:05,724] INFO users.views - User logged out successfully. Refresh token blacklisted.
[2025-05-08 13:02:08,014] INFO users.views - Login attempt for username: user1
[2025-05-08 13:02:08,897] INFO users.views - User user1 logged in successfully.
[2025-05-08 13:05:29,286] INFO users.views - User logged out successfully. Refresh token blacklisted.
[2025-05-08 13:05:35,601] INFO users.views - Login attempt for username: user3
[2025-05-08 13:05:36,089] INFO users.views - User user3 logged in successfully.
[2025-05-08 13:05:44,329] INFO users.views - User logged out successfully. Refresh token blacklisted.
[2025-05-08 13:05:46,153] INFO users.views - Login attempt for username: user3
[2025-05-08 13:05:47,552] INFO users.views - User user3 logged in successfully.
[2025-05-08 13:07:39,616] INFO users.views - User logged out successfully. Refresh token blacklisted.
[2025-05-08 13:07:41,700] INFO users.views - Login attempt for username: user3
[2025-05-08 13:07:43,058] INFO users.views - User user3 logged in successfully.
[2025-05-08 13:07:46,119] INFO users.views - User logged out successfully. Refresh token blacklisted.
[2025-05-08 13:07:48,295] INFO users.views - Login attempt for username: user3
[2025-05-08 13:07:49,853] INFO users.views - User user3 logged in successfully.
[2025-05-08 13:16:21,346] INFO users.views - User logged out successfully. Refresh token blacklisted.
[2025-05-08 13:17:00,991] INFO users.views - Login attempt for username: user3
[2025-05-08 13:17:01,588] INFO users.views - User user3 logged in successfully.
[2025-05-08 17:17:09,504] INFO users.views - User logged out successfully. Refresh token blacklisted.
[2025-05-08 17:17:11,773] INFO users.views - Login attempt for username: user3
[2025-05-08 17:17:12,186] INFO users.views - User user3 logged in successfully.
[2025-05-09 02:37:34,781] INFO users.views - User logged out successfully. Refresh token blacklisted.
[2025-05-09 02:37:36,766] INFO users.views - Login attempt for username: user3
[2025-05-09 02:37:37,294] INFO users.views - User user3 logged in successfully.
[2025-05-09 03:08:48,578] INFO users.views - Login attempt for username: user3
[2025-05-09 03:08:49,012] INFO users.views - User user3 logged in successfully.
[2025-05-09 04:50:45,272] INFO users.views - Login attempt for username: user3
[2025-05-09 04:50:45,709] INFO users.views - User user3 logged in successfully.
[2025-05-09 14:55:20,914] INFO users.views - Login attempt for username: user3
[2025-05-09 14:55:21,345] INFO users.views - User user3 logged in successfully.
[2025-05-09 14:55:25,965] INFO users.views - User logged out successfully. Refresh token blacklisted.
[2025-05-09 14:55:31,384] INFO users.views - Login attempt for username: user3
[2025-05-09 14:55:31,918] INFO users.views - User user3 logged in successfully.
[2025-05-09 14:55:35,254] INFO users.views - User logged out successfully. Refresh token blacklisted.
[2025-05-09 14:55:38,947] INFO users.views - Login attempt for username: user3
[2025-05-09 14:55:39,352] INFO users.views - User user3 logged in successfully.
[2025-05-09 15:41:59,167] INFO users.views - Login attempt for username: user1
[2025-05-09 15:41:59,871] INFO users.views - User user1 logged in successfully.
[2025-05-09 16:41:05,276] INFO users.views - Login attempt for username: user1
[2025-05-09 16:41:05,994] INFO users.views - User user1 logged in successfully.
[2025-05-09 17:08:08,867] INFO users.views - Login attempt for username: user1
[2025-05-09 17:08:09,299] INFO users.views - User user1 logged in successfully.
[2025-05-09 18:22:26,684] INFO users.views - Login attempt for username: user1
[2025-05-09 18:22:27,150] INFO users.views - User user1 logged in successfully.
[2025-05-09 18:36:30,595] INFO users.views - Login attempt for username: user1
[2025-05-09 18:36:31,024] INFO users.views - User user1 logged in successfully.
[2025-05-09 18:45:19,348] INFO users.views - Login attempt for username: user1
[2025-05-09 18:45:19,755] INFO users.views - User user1 logged in successfully.
[2025-05-09 18:45:24,017] INFO users.views - User logged out successfully. Refresh token blacklisted.
[2025-05-09 18:45:26,980] INFO users.views - Login attempt for username: user1
[2025-05-09 18:45:27,371] INFO users.views - User user1 logged in successfully.
[2025-05-10 03:16:34,281] INFO users.views - Login attempt for username: user1
[2025-05-10 03:16:35,201] INFO users.views - User user1 logged in successfully.
[2025-05-10 03:29:06,431] INFO users.views - Login attempt for username: user1
[2025-05-10 03:29:07,099] INFO users.views - User user1 logged in successfully.
[2025-05-10 03:41:42,021] INFO users.views - Login attempt for username: user1
[2025-05-10 03:41:42,438] INFO users.views - User user1 logged in successfully.
[2025-05-10 03:57:29,571] INFO users.views - Login attempt for username: None
[2025-05-10 03:57:29,588] WARNING users.views - Login failed for username: None
[2025-05-10 03:57:53,785] INFO users.views - Login attempt for username: user1
[2025-05-10 03:57:54,300] INFO users.views - User user1 logged in successfully.
[2025-05-10 04:03:02,366] INFO users.views - Login attempt for username: user1
[2025-05-10 04:03:02,995] INFO users.views - User user1 logged in successfully.
[2025-05-10 04:48:12,067] INFO users.views - Login attempt for username: user1
[2025-05-10 04:48:13,012] INFO users.views - User user1 logged in successfully.
[2025-05-10 04:50:06,766] INFO users.views - Login attempt for username: user1
[2025-05-10 04:50:10,180] INFO users.views - User user1 logged in successfully.
[2025-05-10 05:52:11,349] INFO users.views - Login attempt for username: user1
[2025-05-10 05:52:12,090] INFO users.views - User user1 logged in successfully.
[2025-05-10 14:26:22,040] INFO users.views - Login attempt for username: user1
[2025-05-10 14:26:24,347] INFO users.views - User user1 logged in successfully.
[2025-05-10 15:17:08,833] INFO users.views - Login attempt for username: user1
[2025-05-10 15:17:10,464] INFO users.views - User user1 logged in successfully.
[2025-05-10 16:54:05,600] INFO users.views - Login attempt for username: user1
[2025-05-10 16:54:06,010] INFO users.views - User user1 logged in successfully.
[2025-05-10 16:54:14,584] INFO users.views - User logged out successfully. Refresh token blacklisted.
[2025-05-10 16:57:03,513] INFO users.views - Login attempt for username: user1
[2025-05-10 16:57:03,973] INFO users.views - User user1 logged in successfully.
[2025-05-10 17:10:43,407] INFO users.views - User logged out successfully. Refresh token blacklisted.
[2025-05-10 17:10:51,735] INFO users.views - Login attempt for username: user1
[2025-05-10 17:10:52,350] INFO users.views - User user1 logged in successfully.
[2025-05-10 19:07:50,062] INFO users.views - Login attempt for username: user1
[2025-05-10 19:07:50,572] INFO users.views - User user1 logged in successfully.
[2025-05-10 19:08:02,040] INFO users.views - User logged out successfully. Refresh token blacklisted.
[2025-05-10 19:08:08,978] INFO users.views - Login attempt for username: user1
[2025-05-10 19:08:09,379] INFO users.views - User user1 logged in successfully.
[2025-05-10 19:39:36,273] INFO users.views - Login attempt for username: user1
[2025-05-10 19:39:36,773] INFO users.views - User user1 logged in successfully.
[2025-05-10 19:41:14,918] INFO users.views - User logged out successfully. Refresh token blacklisted.
[2025-05-10 19:41:17,352] INFO users.views - Login attempt for username: user1
[2025-05-10 19:41:18,422] INFO users.views - User user1 logged in successfully.
[2025-05-11 02:27:55,831] INFO users.views - Login attempt for username: user1
[2025-05-11 02:27:56,309] INFO users.views - User user1 logged in successfully.
[2025-05-11 02:48:00,993] INFO users.views - Login attempt for username: user1
[2025-05-11 02:48:01,575] INFO users.views - User user1 logged in successfully.
[2025-05-11 03:05:17,500] INFO users.views - Login attempt for username: user1
[2025-05-11 03:05:18,187] INFO users.views - User user1 logged in successfully.
[2025-05-11 03:06:30,035] INFO users.views - Login attempt for username: user1
[2025-05-11 03:06:30,649] INFO users.views - User user1 logged in successfully.
[2025-05-11 03:22:35,706] INFO users.views - Login attempt for username: user1
[2025-05-11 03:22:36,285] INFO users.views - User user1 logged in successfully.
[2025-05-11 03:23:06,462] INFO users.views - User logged out successfully. Refresh token blacklisted.
[2025-05-11 03:24:40,990] INFO users.views - Login attempt for username: user1
[2025-05-11 03:24:41,683] INFO users.views - User user1 logged in successfully.
[2025-05-11 03:40:13,259] INFO users.views - Login attempt for username: user1
[2025-05-11 03:40:13,910] INFO users.views - User user1 logged in successfully.
[2025-05-11 03:45:06,693] INFO users.views - User logged out successfully. Refresh token blacklisted.
[2025-05-11 03:45:09,620] INFO users.views - Login attempt for username: user1
[2025-05-11 03:45:10,272] INFO users.views - User user1 logged in successfully.
[2025-05-11 04:15:52,013] INFO users.views - Login attempt for username: user1
[2025-05-11 04:15:52,579] INFO users.views - User user1 logged in successfully.
[2025-05-11 04:25:38,491] INFO users.views - User logged out successfully. Refresh token blacklisted.
[2025-05-11 04:33:36,017] INFO users.views - Login attempt for username: user1
[2025-05-11 04:33:36,524] INFO users.views - User user1 logged in successfully.
[2025-05-11 04:36:01,474] INFO users.views - User logged out successfully. Refresh token blacklisted.
[2025-05-11 04:42:16,291] INFO users.views - Login attempt for username: user
[2025-05-11 04:42:16,804] INFO users.views - User user logged in successfully.
[2025-05-11 04:42:33,332] INFO users.views - User logged out successfully. Refresh token blacklisted.
[2025-05-11 04:42:36,862] INFO users.views - Login attempt for username: user1
[2025-05-11 04:42:37,243] INFO users.views - User user1 logged in successfully.
[2025-05-11 04:47:56,451] INFO users.views - Login attempt for username: user1
[2025-05-11 04:47:57,094] INFO users.views - User user1 logged in successfully.
[2025-05-11 04:53:33,665] INFO users.views - Login attempt for username: user1
[2025-05-11 04:53:34,090] INFO users.views - User user1 logged in successfully.
[2025-05-11 05:01:13,820] INFO users.views - Login attempt for username: user1
[2025-05-11 05:01:14,243] INFO users.views - User user1 logged in successfully.
[2025-05-11 05:21:18,378] INFO users.views - Login attempt for username: user1
[2025-05-11 05:21:18,872] INFO users.views - User user1 logged in successfully.
[2025-05-11 05:32:13,867] INFO users.views - Login attempt for username: user1
[2025-05-11 05:32:14,329] INFO users.views - User user1 logged in successfully.
[2025-05-11 05:54:59,094] INFO users.views - Login attempt for username: user1
[2025-05-11 05:54:59,551] INFO users.views - User user1 logged in successfully.
[2025-05-11 06:08:40,762] INFO users.views - Login attempt for username: user1
[2025-05-11 06:08:41,287] INFO users.views - User user1 logged in successfully.
[2025-05-11 06:08:59,822] INFO users.views - Login attempt for username: user1
[2025-05-11 06:09:00,255] INFO users.views - User user1 logged in successfully.
[2025-05-11 06:20:10,679] INFO users.views - Login attempt for username: user1
[2025-05-11 06:20:11,322] INFO users.views - User user1 logged in successfully.
[2025-05-11 06:57:24,687] INFO users.views - Login attempt for username: user1
[2025-05-11 06:57:25,246] INFO users.views - User user1 logged in successfully.
[2025-05-11 07:24:32,992] INFO users.views - Login attempt for username: user1
[2025-05-11 07:24:33,585] INFO users.views - User user1 logged in successfully.
[2025-05-11 08:04:44,987] INFO users.views - Login attempt for username: user1
[2025-05-11 08:04:45,992] INFO users.views - User user1 logged in successfully.
[2025-05-11 10:21:32,902] INFO users.views - Login attempt for username: user1
[2025-05-11 10:21:33,430] INFO users.views - User user1 logged in successfully.
[2025-05-11 11:47:37,883] INFO users.views - Login attempt for username: user1
[2025-05-11 11:47:38,398] INFO users.views - User user1 logged in successfully.
[2025-05-11 12:01:16,173] INFO users.views - Login attempt for username: user1
[2025-05-11 12:01:16,647] INFO users.views - User user1 logged in successfully.
[2025-05-11 12:20:03,754] INFO users.views - Login attempt for username: user1
[2025-05-11 12:20:04,234] INFO users.views - User user1 logged in successfully.
[2025-05-11 12:20:34,780] INFO users.views - User logged out successfully. Refresh token blacklisted.
[2025-05-11 14:05:24,303] INFO users.views - Login attempt for username: user1
[2025-05-11 14:05:24,988] INFO users.views - User user1 logged in successfully.
[2025-05-11 14:05:41,569] INFO users.views - User logged out successfully. Refresh token blacklisted.
[2025-05-11 14:12:08,576] INFO users.views - Login attempt for username: user1
[2025-05-11 14:12:10,316] INFO users.views - User user1 logged in successfully.
[2025-05-11 14:12:41,372] INFO users.views - User logged out successfully. Refresh token blacklisted.
[2025-05-11 14:13:21,473] INFO users.views - Login attempt for username: user1
[2025-05-11 14:13:22,193] INFO users.views - User user1 logged in successfully.
[2025-05-11 14:13:26,128] INFO users.views - User logged out successfully. Refresh token blacklisted.
[2025-05-11 14:13:32,598] INFO users.views - Login attempt for username: user1
[2025-05-11 14:13:33,064] INFO users.views - User user1 logged in successfully.
[2025-05-11 14:13:52,087] INFO users.views - User logged out successfully. Refresh token blacklisted.
[2025-05-11 15:01:20,808] INFO users.views - Login attempt for username: user1
[2025-05-11 15:01:21,464] INFO users.views - User user1 logged in successfully.
[2025-05-11 15:04:29,143] INFO users.views - User logged out successfully. Refresh token blacklisted.
[2025-05-11 15:14:11,450] INFO users.views - Login attempt for username: user1
[2025-05-11 15:14:12,347] INFO users.views - User user1 logged in successfully.
[2025-05-11 15:14:23,608] INFO users.views - User logged out successfully. Refresh token blacklisted.
[2025-05-11 15:18:47,506] INFO users.views - Login attempt for username: user1
[2025-05-11 15:18:48,094] INFO users.views - User user1 logged in successfully.
[2025-05-11 15:34:07,811] INFO users.views - Login attempt for username: user1
[2025-05-11 15:34:08,251] INFO users.views - User user1 logged in successfully.
[2025-05-11 15:34:48,196] INFO users.views - User logged out successfully. Refresh token blacklisted.
[2025-05-11 15:34:51,221] INFO users.views - Login attempt for username: user1
[2025-05-11 15:34:51,607] INFO users.views - User user1 logged in successfully.
[2025-05-11 15:45:08,536] INFO users.views - Login attempt for username: user1
[2025-05-11 15:45:09,057] INFO users.views - User user1 logged in successfully.
[2025-05-11 15:45:25,761] INFO users.views - User logged out successfully. Refresh token blacklisted.
[2025-05-11 15:45:31,357] INFO users.views - Login attempt for username: user1
[2025-05-11 15:45:31,839] INFO users.views - User user1 logged in successfully.
[2025-05-11 15:45:39,169] INFO users.views - User logged out successfully. Refresh token blacklisted.
[2025-05-11 15:45:42,415] INFO users.views - Login attempt for username: user
[2025-05-11 15:45:42,888] INFO users.views - User user logged in successfully.
[2025-05-11 15:45:49,861] INFO users.views - User logged out successfully. Refresh token blacklisted.
[2025-05-11 15:45:52,348] INFO users.views - Login attempt for username: user
[2025-05-11 15:45:52,801] INFO users.views - User user logged in successfully.
[2025-05-11 15:46:12,316] INFO users.views - User logged out successfully. Refresh token blacklisted.
[2025-05-11 15:47:02,178] INFO users.views - Login attempt for username: user1
[2025-05-11 15:47:02,614] INFO users.views - User user1 logged in successfully.
[2025-05-11 16:02:06,270] INFO users.views - User logged out successfully. Refresh token blacklisted.
[2025-05-11 16:02:10,189] INFO users.views - Login attempt for username: user1
[2025-05-11 16:02:11,070] INFO users.views - User user1 logged in successfully.
[2025-05-11 16:39:48,325] INFO users.views - Login attempt for username: user1
[2025-05-11 16:39:48,747] INFO users.views - User user1 logged in successfully.
[2025-05-11 16:45:29,670] INFO users.views - User logged out successfully. Refresh token blacklisted.
[2025-05-11 16:45:31,911] INFO users.views - Login attempt for username: user1
[2025-05-11 16:45:32,304] INFO users.views - User user1 logged in successfully.
[2025-05-11 16:46:01,754] INFO users.views - User logged out successfully. Refresh token blacklisted.
[2025-05-11 16:46:47,112] INFO users.views - Login attempt for username: user1
[2025-05-11 16:46:47,514] INFO users.views - User user1 logged in successfully.
[2025-05-11 16:53:40,391] INFO users.views - Login attempt for username: user1
[2025-05-11 16:53:41,500] INFO users.views - User user1 logged in successfully.
[2025-05-11 17:02:59,727] INFO users.views - Login attempt for username: user1
[2025-05-11 17:03:00,193] INFO users.views - User user1 logged in successfully.
[2025-05-11 17:08:54,791] INFO users.views - Login attempt for username: user1
[2025-05-11 17:08:55,386] INFO users.views - User user1 logged in successfully.
[2025-05-11 17:11:54,645] INFO users.views - Login attempt for username: user
[2025-05-11 17:11:55,091] INFO users.views - User user logged in successfully.
[2025-05-11 17:25:03,287] INFO users.views - Login attempt for username: user1
[2025-05-11 17:25:03,698] INFO users.views - User user1 logged in successfully.
[2025-05-11 17:41:00,071] INFO users.views - Login attempt for username: user1
[2025-05-11 17:41:00,632] INFO users.views - User user1 logged in successfully.
[2025-05-11 17:47:06,816] INFO users.views - Login attempt for username: user1
[2025-05-11 17:47:07,464] INFO users.views - User user1 logged in successfully.
[2025-05-11 17:54:06,575] INFO users.views - Login attempt for username: user1
[2025-05-11 17:54:07,017] INFO users.views - User user1 logged in successfully.
[2025-05-11 18:07:15,938] INFO users.views - Login attempt for username: user1
[2025-05-11 18:07:16,363] INFO users.views - User user1 logged in successfully.
[2025-05-11 18:07:50,119] INFO users.views - User logged out successfully. Refresh token blacklisted.
[2025-05-11 18:07:54,026] INFO users.views - Login attempt for username: user1
[2025-05-11 18:07:54,422] INFO users.views - User user1 logged in successfully.
[2025-05-11 18:40:08,766] INFO users.views - Login attempt for username: user1
[2025-05-11 18:40:09,326] INFO users.views - User user1 logged in successfully.
[2025-05-12 01:58:51,091] INFO users.views - Login attempt for username: user1
[2025-05-12 01:58:51,659] INFO users.views - User user1 logged in successfully.
[2025-05-12 03:02:07,623] INFO users.views - Login attempt for username: user1
[2025-05-12 03:02:08,115] INFO users.views - User user1 logged in successfully.
[2025-05-12 03:02:13,960] INFO users.views - User logged out successfully. Refresh token blacklisted.
[2025-05-12 03:06:17,455] INFO users.views - Login attempt for username: user1
[2025-05-12 03:06:18,123] INFO users.views - User user1 logged in successfully.
[2025-05-12 03:06:37,622] INFO users.views - Login attempt for username: user1
[2025-05-12 03:06:38,071] INFO users.views - User user1 logged in successfully.
[2025-05-12 05:35:02,597] INFO users.views - Login attempt for username: user1
[2025-05-12 05:35:17,864] INFO users.views - Login attempt for username: user1
[2025-05-12 05:36:11,508] INFO users.views - Login attempt for username: user1
[2025-05-12 05:37:07,868] INFO users.views - Login attempt for username: user1
[2025-05-12 05:37:08,583] INFO users.views - User user1 logged in successfully.
[2025-05-12 05:37:45,745] INFO users.views - Login attempt for username: user1
